<?xml version="1.0" encoding="UTF-8"?>
<!-- Generated by org.testng.reporters.JUnitReportReporter -->
<testsuite hostname="Hestabits-MacBook-Pro.local" failures="0" tests="1" name="Testcases.TC_003_Usermanagement" time="42.861" errors="0" timestamp="2024-04-01T16:57:49 IST" skipped="0">
  <testcase classname="Testcases.TC_003_Usermanagement" name="user" time="42.861"/>
</testsuite> <!-- Testcases.TC_003_Usermanagement -->
