<?xml version="1.0" encoding="UTF-8"?>
<!-- Generated by org.testng.reporters.JUnitReportReporter -->
<testsuite hostname="Hestabits-MacBook-Pro.local" failures="0" tests="1" name="Testcases.TC_002AdminForgetpassword" time="1.172" errors="0" timestamp="2024-03-30T02:15:27 IST" skipped="0">
  <testcase classname="Testcases.TC_002AdminForgetpassword" name="forgetpwd" time="1.172"/>
</testsuite> <!-- Testcases.TC_002AdminForgetpassword -->
